<?xml version="1.0" encoding="UTF-8"?>
<testsuite xmlns:xsi="http://www.w3.org/2001/XMLSchema-instance" xsi:noNamespaceSchemaLocation="https://maven.apache.org/surefire/maven-surefire-plugin/xsd/surefire-test-report.xsd" name="com.autentia.example.splitbill.delivery.rest.GroupPaymentControllerTest" time="1.554" tests="5" errors="0" skipped="0" failures="0">
  <properties>
    <property name="gopherProxySet" value="false"/>
    <property name="awt.toolkit" value="sun.lwawt.macosx.LWCToolkit"/>
    <property name="java.specification.version" value="11"/>
    <property name="sun.cpu.isalist" value=""/>
    <property name="sun.jnu.encoding" value="UTF-8"/>
    <property name="java.class.path" value="/Users/soniasieiro/Downloads/splitbill-back-archimedes-java-master/rest/target/test-classes:/Users/soniasieiro/Downloads/splitbill-back-archimedes-java-master/rest/target/classes:/Users/soniasieiro/Downloads/splitbill-back-archimedes-java-master/domain/target/splitbill-back-archimedes-java-domain-1.0-SNAPSHOT.jar:/Users/soniasieiro/.m2/repository/io/archimedes/arch-usecase/1.0.0-SNAPSHOT/arch-usecase-1.0.0-SNAPSHOT.jar:/Users/soniasieiro/.m2/repository/io/archimedes/arch-commons-lang/1.0.0-SNAPSHOT/arch-commons-lang-1.0.0-SNAPSHOT.jar:/Users/soniasieiro/.m2/repository/io/archimedes/arch-commons-logging-slf4j/1.0.0-SNAPSHOT/arch-commons-logging-slf4j-1.0.0-SNAPSHOT.jar:/Users/soniasieiro/.m2/repository/io/archimedes/arch-data-tx/1.0.0-SNAPSHOT/arch-data-tx-1.0.0-SNAPSHOT.jar:/Users/soniasieiro/.m2/repository/io/archimedes/arch-data/1.0.0-SNAPSHOT/arch-data-1.0.0-SNAPSHOT.jar:/Users/soniasieiro/.m2/repository/io/archimedes/arch-security/1.0.0-SNAPSHOT/arch-security-1.0.0-SNAPSHOT.jar:/Users/soniasieiro/.m2/repository/au/com/console/kassava/2.1.0-rc.1/kassava-2.1.0-rc.1.jar:/Users/soniasieiro/.m2/repository/io/archimedes/arch-locator/1.0.0-SNAPSHOT/arch-locator-1.0.0-SNAPSHOT.jar:/Users/soniasieiro/.m2/repository/io/archimedes/arch-data-jdbc-micronaut/1.0.0-SNAPSHOT/arch-data-jdbc-micronaut-1.0.0-SNAPSHOT.jar:/Users/soniasieiro/.m2/repository/io/micronaut/data/micronaut-data-jdbc/2.0.1/micronaut-data-jdbc-2.0.1.jar:/Users/soniasieiro/.m2/repository/io/micronaut/data/micronaut-data-runtime/2.0.1/micronaut-data-runtime-2.0.1.jar:/Users/soniasieiro/.m2/repository/io/micronaut/data/micronaut-data-model/2.0.1/micronaut-data-model-2.0.1.jar:/Users/soniasieiro/.m2/repository/io/archimedes/arch-data-tx-micronaut/1.0.0-SNAPSHOT/arch-data-tx-micronaut-1.0.0-SNAPSHOT.jar:/Users/soniasieiro/.m2/repository/io/micronaut/data/micronaut-data-tx/2.0.1/micronaut-data-tx-2.0.1.jar:/Users/soniasieiro/.m2/repository/jakarta/transaction/jakarta.transaction-api/1.3.3/jakarta.transaction-api-1.3.3.jar:/Users/soniasieiro/.m2/repository/io/micronaut/flyway/micronaut-flyway/3.1.0/micronaut-flyway-3.1.0.jar:/Users/soniasieiro/.m2/repository/org/flywaydb/flyway-core/7.0.4/flyway-core-7.0.4.jar:/Users/soniasieiro/.m2/repository/io/micronaut/sql/micronaut-jdbc/3.3.4/micronaut-jdbc-3.3.4.jar:/Users/soniasieiro/.m2/repository/io/micronaut/sql/micronaut-jdbc-hikari/3.3.4/micronaut-jdbc-hikari-3.3.4.jar:/Users/soniasieiro/.m2/repository/com/zaxxer/HikariCP/3.4.5/HikariCP-3.4.5.jar:/Users/soniasieiro/.m2/repository/io/micronaut/security/micronaut-security/2.2.0/micronaut-security-2.2.0.jar:/Users/soniasieiro/.m2/repository/io/micronaut/micronaut-inject/2.2.1/micronaut-inject-2.2.1.jar:/Users/soniasieiro/.m2/repository/javax/annotation/javax.annotation-api/1.3.2/javax.annotation-api-1.3.2.jar:/Users/soniasieiro/.m2/repository/javax/inject/javax.inject/1/javax.inject-1.jar:/Users/soniasieiro/.m2/repository/org/yaml/snakeyaml/1.26/snakeyaml-1.26.jar:/Users/soniasieiro/.m2/repository/io/micronaut/micronaut-http/2.2.1/micronaut-http-2.2.1.jar:/Users/soniasieiro/.m2/repository/io/micronaut/micronaut-http-server/2.2.1/micronaut-http-server-2.2.1.jar:/Users/soniasieiro/.m2/repository/io/micronaut/micronaut-websocket/2.2.1/micronaut-websocket-2.2.1.jar:/Users/soniasieiro/.m2/repository/io/micronaut/security/micronaut-security-annotations/2.2.0/micronaut-security-annotations-2.2.0.jar:/Users/soniasieiro/.m2/repository/io/micronaut/micronaut-http-server-netty/2.2.1/micronaut-http-server-netty-2.2.1.jar:/Users/soniasieiro/.m2/repository/org/slf4j/slf4j-api/1.7.26/slf4j-api-1.7.26.jar:/Users/soniasieiro/.m2/repository/io/micronaut/micronaut-core/2.2.1/micronaut-core-2.2.1.jar:/Users/soniasieiro/.m2/repository/org/reactivestreams/reactive-streams/1.0.3/reactive-streams-1.0.3.jar:/Users/soniasieiro/.m2/repository/com/github/spotbugs/spotbugs-annotations/4.0.3/spotbugs-annotations-4.0.3.jar:/Users/soniasieiro/.m2/repository/com/google/code/findbugs/jsr305/3.0.2/jsr305-3.0.2.jar:/Users/soniasieiro/.m2/repository/io/micronaut/micronaut-http-netty/2.2.1/micronaut-http-netty-2.2.1.jar:/Users/soniasieiro/.m2/repository/io/micronaut/micronaut-buffer-netty/2.2.1/micronaut-buffer-netty-2.2.1.jar:/Users/soniasieiro/.m2/repository/io/netty/netty-handler/4.1.53.Final/netty-handler-4.1.53.Final.jar:/Users/soniasieiro/.m2/repository/io/netty/netty-resolver/4.1.53.Final/netty-resolver-4.1.53.Final.jar:/Users/soniasieiro/.m2/repository/io/netty/netty-codec-http2/4.1.53.Final/netty-codec-http2-4.1.53.Final.jar:/Users/soniasieiro/.m2/repository/io/netty/netty-codec-http/4.1.53.Final/netty-codec-http-4.1.53.Final.jar:/Users/soniasieiro/.m2/repository/io/netty/netty-common/4.1.53.Final/netty-common-4.1.53.Final.jar:/Users/soniasieiro/.m2/repository/io/netty/netty-buffer/4.1.53.Final/netty-buffer-4.1.53.Final.jar:/Users/soniasieiro/.m2/repository/io/netty/netty-transport/4.1.53.Final/netty-transport-4.1.53.Final.jar:/Users/soniasieiro/.m2/repository/io/netty/netty-codec/4.1.53.Final/netty-codec-4.1.53.Final.jar:/Users/soniasieiro/.m2/repository/io/micronaut/micronaut-management/2.2.1/micronaut-management-2.2.1.jar:/Users/soniasieiro/.m2/repository/io/micronaut/micronaut-router/2.2.1/micronaut-router-2.2.1.jar:/Users/soniasieiro/.m2/repository/io/micronaut/micronaut-runtime/2.2.1/micronaut-runtime-2.2.1.jar:/Users/soniasieiro/.m2/repository/io/micronaut/micronaut-aop/2.2.1/micronaut-aop-2.2.1.jar:/Users/soniasieiro/.m2/repository/javax/validation/validation-api/2.0.1.Final/validation-api-2.0.1.Final.jar:/Users/soniasieiro/.m2/repository/com/fasterxml/jackson/core/jackson-databind/2.11.2/jackson-databind-2.11.2.jar:/Users/soniasieiro/.m2/repository/io/reactivex/rxjava2/rxjava/2.2.10/rxjava-2.2.10.jar:/Users/soniasieiro/.m2/repository/com/fasterxml/jackson/datatype/jackson-datatype-jdk8/2.11.2/jackson-datatype-jdk8-2.11.2.jar:/Users/soniasieiro/.m2/repository/com/fasterxml/jackson/datatype/jackson-datatype-jsr310/2.11.2/jackson-datatype-jsr310-2.11.2.jar:/Users/soniasieiro/.m2/repository/com/fasterxml/jackson/core/jackson-annotations/2.11.2/jackson-annotations-2.11.2.jar:/Users/soniasieiro/.m2/repository/com/fasterxml/jackson/core/jackson-core/2.11.2/jackson-core-2.11.2.jar:/Users/soniasieiro/.m2/repository/org/postgresql/postgresql/42.2.5/postgresql-42.2.5.jar:/Users/soniasieiro/.m2/repository/io/micronaut/micronaut-validation/2.2.1/micronaut-validation-2.2.1.jar:/Users/soniasieiro/.m2/repository/org/projectlombok/lombok/1.18.16/lombok-1.18.16.jar:/Users/soniasieiro/.m2/repository/ch/qos/logback/logback-classic/1.2.3/logback-classic-1.2.3.jar:/Users/soniasieiro/.m2/repository/ch/qos/logback/logback-core/1.2.3/logback-core-1.2.3.jar:/Users/soniasieiro/.m2/repository/org/junit/jupiter/junit-jupiter-api/5.7.0/junit-jupiter-api-5.7.0.jar:/Users/soniasieiro/.m2/repository/org/apiguardian/apiguardian-api/1.1.0/apiguardian-api-1.1.0.jar:/Users/soniasieiro/.m2/repository/org/opentest4j/opentest4j/1.2.0/opentest4j-1.2.0.jar:/Users/soniasieiro/.m2/repository/org/junit/platform/junit-platform-commons/1.7.0/junit-platform-commons-1.7.0.jar:/Users/soniasieiro/.m2/repository/org/junit/jupiter/junit-jupiter-params/5.7.0/junit-jupiter-params-5.7.0.jar:/Users/soniasieiro/.m2/repository/org/junit/jupiter/junit-jupiter-engine/5.7.0/junit-jupiter-engine-5.7.0.jar:/Users/soniasieiro/.m2/repository/org/junit/platform/junit-platform-engine/1.7.0/junit-platform-engine-1.7.0.jar:/Users/soniasieiro/.m2/repository/io/archimedes/arch-usecase-test/1.0.0-SNAPSHOT/arch-usecase-test-1.0.0-SNAPSHOT.jar:/Users/soniasieiro/.m2/repository/io/archimedes/arch-locator/1.0.0-SNAPSHOT/arch-locator-1.0.0-SNAPSHOT-tests.jar:/Users/soniasieiro/.m2/repository/io/archimedes/arch-usecase/1.0.0-SNAPSHOT/arch-usecase-1.0.0-SNAPSHOT-tests.jar:/Users/soniasieiro/.m2/repository/org/jetbrains/kotlin/kotlin-stdlib-jdk8/1.4.10/kotlin-stdlib-jdk8-1.4.10.jar:/Users/soniasieiro/.m2/repository/org/jetbrains/kotlin/kotlin-stdlib/1.4.10/kotlin-stdlib-1.4.10.jar:/Users/soniasieiro/.m2/repository/org/jetbrains/kotlin/kotlin-stdlib-common/1.4.10/kotlin-stdlib-common-1.4.10.jar:/Users/soniasieiro/.m2/repository/org/jetbrains/annotations/13.0/annotations-13.0.jar:/Users/soniasieiro/.m2/repository/org/jetbrains/kotlin/kotlin-stdlib-jdk7/1.4.10/kotlin-stdlib-jdk7-1.4.10.jar:/Users/soniasieiro/.m2/repository/org/jetbrains/kotlin/kotlin-reflect/1.4.10/kotlin-reflect-1.4.10.jar:/Users/soniasieiro/.m2/repository/io/micronaut/test/micronaut-test-junit5/2.1.1/micronaut-test-junit5-2.1.1.jar:/Users/soniasieiro/.m2/repository/io/micronaut/test/micronaut-test-core/2.1.1/micronaut-test-core-2.1.1.jar:/Users/soniasieiro/.m2/repository/org/mockito/mockito-inline/3.3.3/mockito-inline-3.3.3.jar:/Users/soniasieiro/.m2/repository/org/mockito/mockito-core/3.3.3/mockito-core-3.3.3.jar:/Users/soniasieiro/.m2/repository/net/bytebuddy/byte-buddy/1.10.5/byte-buddy-1.10.5.jar:/Users/soniasieiro/.m2/repository/net/bytebuddy/byte-buddy-agent/1.10.5/byte-buddy-agent-1.10.5.jar:/Users/soniasieiro/.m2/repository/org/objenesis/objenesis/2.6/objenesis-2.6.jar:/Users/soniasieiro/.m2/repository/org/mockito/mockito-junit-jupiter/3.3.3/mockito-junit-jupiter-3.3.3.jar:/Users/soniasieiro/.m2/repository/org/assertj/assertj-core/3.16.1/assertj-core-3.16.1.jar:/Users/soniasieiro/.m2/repository/org/hamcrest/hamcrest/2.2/hamcrest-2.2.jar:"/>
    <property name="java.vm.vendor" value="Oracle Corporation"/>
    <property name="sun.arch.data.model" value="64"/>
    <property name="java.vendor.url" value="http://java.oracle.com/"/>
    <property name="user.timezone" value=""/>
    <property name="java.vm.specification.version" value="11"/>
    <property name="os.name" value="Mac OS X"/>
    <property name="sun.java.launcher" value="SUN_STANDARD"/>
    <property name="user.country" value="ES"/>
    <property name="sun.boot.library.path" value="/Users/soniasieiro/.sdkman/candidates/java/11.0.2-open/lib"/>
    <property name="CONTEXT_KEY_PREVIOUSLY_PULLED" value="{}"/>
    <property name="sun.java.command" value="/Users/soniasieiro/Downloads/splitbill-back-archimedes-java-master/rest/target/surefire/surefirebooter1972434410695256095.jar /Users/soniasieiro/Downloads/splitbill-back-archimedes-java-master/rest/target/surefire 2021-06-15T17-08-05_979-jvmRun1 surefire14730185671644917093tmp surefire_09048455090301218140tmp"/>
    <property name="http.nonProxyHosts" value="local|*.local|169.254/16|*.169.254/16"/>
    <property name="jdk.debug" value="release"/>
    <property name="surefire.test.class.path" value="/Users/soniasieiro/Downloads/splitbill-back-archimedes-java-master/rest/target/test-classes:/Users/soniasieiro/Downloads/splitbill-back-archimedes-java-master/rest/target/classes:/Users/soniasieiro/Downloads/splitbill-back-archimedes-java-master/domain/target/splitbill-back-archimedes-java-domain-1.0-SNAPSHOT.jar:/Users/soniasieiro/.m2/repository/io/archimedes/arch-usecase/1.0.0-SNAPSHOT/arch-usecase-1.0.0-SNAPSHOT.jar:/Users/soniasieiro/.m2/repository/io/archimedes/arch-commons-lang/1.0.0-SNAPSHOT/arch-commons-lang-1.0.0-SNAPSHOT.jar:/Users/soniasieiro/.m2/repository/io/archimedes/arch-commons-logging-slf4j/1.0.0-SNAPSHOT/arch-commons-logging-slf4j-1.0.0-SNAPSHOT.jar:/Users/soniasieiro/.m2/repository/io/archimedes/arch-data-tx/1.0.0-SNAPSHOT/arch-data-tx-1.0.0-SNAPSHOT.jar:/Users/soniasieiro/.m2/repository/io/archimedes/arch-data/1.0.0-SNAPSHOT/arch-data-1.0.0-SNAPSHOT.jar:/Users/soniasieiro/.m2/repository/io/archimedes/arch-security/1.0.0-SNAPSHOT/arch-security-1.0.0-SNAPSHOT.jar:/Users/soniasieiro/.m2/repository/au/com/console/kassava/2.1.0-rc.1/kassava-2.1.0-rc.1.jar:/Users/soniasieiro/.m2/repository/io/archimedes/arch-locator/1.0.0-SNAPSHOT/arch-locator-1.0.0-SNAPSHOT.jar:/Users/soniasieiro/.m2/repository/io/archimedes/arch-data-jdbc-micronaut/1.0.0-SNAPSHOT/arch-data-jdbc-micronaut-1.0.0-SNAPSHOT.jar:/Users/soniasieiro/.m2/repository/io/micronaut/data/micronaut-data-jdbc/2.0.1/micronaut-data-jdbc-2.0.1.jar:/Users/soniasieiro/.m2/repository/io/micronaut/data/micronaut-data-runtime/2.0.1/micronaut-data-runtime-2.0.1.jar:/Users/soniasieiro/.m2/repository/io/micronaut/data/micronaut-data-model/2.0.1/micronaut-data-model-2.0.1.jar:/Users/soniasieiro/.m2/repository/io/archimedes/arch-data-tx-micronaut/1.0.0-SNAPSHOT/arch-data-tx-micronaut-1.0.0-SNAPSHOT.jar:/Users/soniasieiro/.m2/repository/io/micronaut/data/micronaut-data-tx/2.0.1/micronaut-data-tx-2.0.1.jar:/Users/soniasieiro/.m2/repository/jakarta/transaction/jakarta.transaction-api/1.3.3/jakarta.transaction-api-1.3.3.jar:/Users/soniasieiro/.m2/repository/io/micronaut/flyway/micronaut-flyway/3.1.0/micronaut-flyway-3.1.0.jar:/Users/soniasieiro/.m2/repository/org/flywaydb/flyway-core/7.0.4/flyway-core-7.0.4.jar:/Users/soniasieiro/.m2/repository/io/micronaut/sql/micronaut-jdbc/3.3.4/micronaut-jdbc-3.3.4.jar:/Users/soniasieiro/.m2/repository/io/micronaut/sql/micronaut-jdbc-hikari/3.3.4/micronaut-jdbc-hikari-3.3.4.jar:/Users/soniasieiro/.m2/repository/com/zaxxer/HikariCP/3.4.5/HikariCP-3.4.5.jar:/Users/soniasieiro/.m2/repository/io/micronaut/security/micronaut-security/2.2.0/micronaut-security-2.2.0.jar:/Users/soniasieiro/.m2/repository/io/micronaut/micronaut-inject/2.2.1/micronaut-inject-2.2.1.jar:/Users/soniasieiro/.m2/repository/javax/annotation/javax.annotation-api/1.3.2/javax.annotation-api-1.3.2.jar:/Users/soniasieiro/.m2/repository/javax/inject/javax.inject/1/javax.inject-1.jar:/Users/soniasieiro/.m2/repository/org/yaml/snakeyaml/1.26/snakeyaml-1.26.jar:/Users/soniasieiro/.m2/repository/io/micronaut/micronaut-http/2.2.1/micronaut-http-2.2.1.jar:/Users/soniasieiro/.m2/repository/io/micronaut/micronaut-http-server/2.2.1/micronaut-http-server-2.2.1.jar:/Users/soniasieiro/.m2/repository/io/micronaut/micronaut-websocket/2.2.1/micronaut-websocket-2.2.1.jar:/Users/soniasieiro/.m2/repository/io/micronaut/security/micronaut-security-annotations/2.2.0/micronaut-security-annotations-2.2.0.jar:/Users/soniasieiro/.m2/repository/io/micronaut/micronaut-http-server-netty/2.2.1/micronaut-http-server-netty-2.2.1.jar:/Users/soniasieiro/.m2/repository/org/slf4j/slf4j-api/1.7.26/slf4j-api-1.7.26.jar:/Users/soniasieiro/.m2/repository/io/micronaut/micronaut-core/2.2.1/micronaut-core-2.2.1.jar:/Users/soniasieiro/.m2/repository/org/reactivestreams/reactive-streams/1.0.3/reactive-streams-1.0.3.jar:/Users/soniasieiro/.m2/repository/com/github/spotbugs/spotbugs-annotations/4.0.3/spotbugs-annotations-4.0.3.jar:/Users/soniasieiro/.m2/repository/com/google/code/findbugs/jsr305/3.0.2/jsr305-3.0.2.jar:/Users/soniasieiro/.m2/repository/io/micronaut/micronaut-http-netty/2.2.1/micronaut-http-netty-2.2.1.jar:/Users/soniasieiro/.m2/repository/io/micronaut/micronaut-buffer-netty/2.2.1/micronaut-buffer-netty-2.2.1.jar:/Users/soniasieiro/.m2/repository/io/netty/netty-handler/4.1.53.Final/netty-handler-4.1.53.Final.jar:/Users/soniasieiro/.m2/repository/io/netty/netty-resolver/4.1.53.Final/netty-resolver-4.1.53.Final.jar:/Users/soniasieiro/.m2/repository/io/netty/netty-codec-http2/4.1.53.Final/netty-codec-http2-4.1.53.Final.jar:/Users/soniasieiro/.m2/repository/io/netty/netty-codec-http/4.1.53.Final/netty-codec-http-4.1.53.Final.jar:/Users/soniasieiro/.m2/repository/io/netty/netty-common/4.1.53.Final/netty-common-4.1.53.Final.jar:/Users/soniasieiro/.m2/repository/io/netty/netty-buffer/4.1.53.Final/netty-buffer-4.1.53.Final.jar:/Users/soniasieiro/.m2/repository/io/netty/netty-transport/4.1.53.Final/netty-transport-4.1.53.Final.jar:/Users/soniasieiro/.m2/repository/io/netty/netty-codec/4.1.53.Final/netty-codec-4.1.53.Final.jar:/Users/soniasieiro/.m2/repository/io/micronaut/micronaut-management/2.2.1/micronaut-management-2.2.1.jar:/Users/soniasieiro/.m2/repository/io/micronaut/micronaut-router/2.2.1/micronaut-router-2.2.1.jar:/Users/soniasieiro/.m2/repository/io/micronaut/micronaut-runtime/2.2.1/micronaut-runtime-2.2.1.jar:/Users/soniasieiro/.m2/repository/io/micronaut/micronaut-aop/2.2.1/micronaut-aop-2.2.1.jar:/Users/soniasieiro/.m2/repository/javax/validation/validation-api/2.0.1.Final/validation-api-2.0.1.Final.jar:/Users/soniasieiro/.m2/repository/com/fasterxml/jackson/core/jackson-databind/2.11.2/jackson-databind-2.11.2.jar:/Users/soniasieiro/.m2/repository/io/reactivex/rxjava2/rxjava/2.2.10/rxjava-2.2.10.jar:/Users/soniasieiro/.m2/repository/com/fasterxml/jackson/datatype/jackson-datatype-jdk8/2.11.2/jackson-datatype-jdk8-2.11.2.jar:/Users/soniasieiro/.m2/repository/com/fasterxml/jackson/datatype/jackson-datatype-jsr310/2.11.2/jackson-datatype-jsr310-2.11.2.jar:/Users/soniasieiro/.m2/repository/com/fasterxml/jackson/core/jackson-annotations/2.11.2/jackson-annotations-2.11.2.jar:/Users/soniasieiro/.m2/repository/com/fasterxml/jackson/core/jackson-core/2.11.2/jackson-core-2.11.2.jar:/Users/soniasieiro/.m2/repository/org/postgresql/postgresql/42.2.5/postgresql-42.2.5.jar:/Users/soniasieiro/.m2/repository/io/micronaut/micronaut-validation/2.2.1/micronaut-validation-2.2.1.jar:/Users/soniasieiro/.m2/repository/org/projectlombok/lombok/1.18.16/lombok-1.18.16.jar:/Users/soniasieiro/.m2/repository/ch/qos/logback/logback-classic/1.2.3/logback-classic-1.2.3.jar:/Users/soniasieiro/.m2/repository/ch/qos/logback/logback-core/1.2.3/logback-core-1.2.3.jar:/Users/soniasieiro/.m2/repository/org/junit/jupiter/junit-jupiter-api/5.7.0/junit-jupiter-api-5.7.0.jar:/Users/soniasieiro/.m2/repository/org/apiguardian/apiguardian-api/1.1.0/apiguardian-api-1.1.0.jar:/Users/soniasieiro/.m2/repository/org/opentest4j/opentest4j/1.2.0/opentest4j-1.2.0.jar:/Users/soniasieiro/.m2/repository/org/junit/platform/junit-platform-commons/1.7.0/junit-platform-commons-1.7.0.jar:/Users/soniasieiro/.m2/repository/org/junit/jupiter/junit-jupiter-params/5.7.0/junit-jupiter-params-5.7.0.jar:/Users/soniasieiro/.m2/repository/org/junit/jupiter/junit-jupiter-engine/5.7.0/junit-jupiter-engine-5.7.0.jar:/Users/soniasieiro/.m2/repository/org/junit/platform/junit-platform-engine/1.7.0/junit-platform-engine-1.7.0.jar:/Users/soniasieiro/.m2/repository/io/archimedes/arch-usecase-test/1.0.0-SNAPSHOT/arch-usecase-test-1.0.0-SNAPSHOT.jar:/Users/soniasieiro/.m2/repository/io/archimedes/arch-locator/1.0.0-SNAPSHOT/arch-locator-1.0.0-SNAPSHOT-tests.jar:/Users/soniasieiro/.m2/repository/io/archimedes/arch-usecase/1.0.0-SNAPSHOT/arch-usecase-1.0.0-SNAPSHOT-tests.jar:/Users/soniasieiro/.m2/repository/org/jetbrains/kotlin/kotlin-stdlib-jdk8/1.4.10/kotlin-stdlib-jdk8-1.4.10.jar:/Users/soniasieiro/.m2/repository/org/jetbrains/kotlin/kotlin-stdlib/1.4.10/kotlin-stdlib-1.4.10.jar:/Users/soniasieiro/.m2/repository/org/jetbrains/kotlin/kotlin-stdlib-common/1.4.10/kotlin-stdlib-common-1.4.10.jar:/Users/soniasieiro/.m2/repository/org/jetbrains/annotations/13.0/annotations-13.0.jar:/Users/soniasieiro/.m2/repository/org/jetbrains/kotlin/kotlin-stdlib-jdk7/1.4.10/kotlin-stdlib-jdk7-1.4.10.jar:/Users/soniasieiro/.m2/repository/org/jetbrains/kotlin/kotlin-reflect/1.4.10/kotlin-reflect-1.4.10.jar:/Users/soniasieiro/.m2/repository/io/micronaut/test/micronaut-test-junit5/2.1.1/micronaut-test-junit5-2.1.1.jar:/Users/soniasieiro/.m2/repository/io/micronaut/test/micronaut-test-core/2.1.1/micronaut-test-core-2.1.1.jar:/Users/soniasieiro/.m2/repository/org/mockito/mockito-inline/3.3.3/mockito-inline-3.3.3.jar:/Users/soniasieiro/.m2/repository/org/mockito/mockito-core/3.3.3/mockito-core-3.3.3.jar:/Users/soniasieiro/.m2/repository/net/bytebuddy/byte-buddy/1.10.5/byte-buddy-1.10.5.jar:/Users/soniasieiro/.m2/repository/net/bytebuddy/byte-buddy-agent/1.10.5/byte-buddy-agent-1.10.5.jar:/Users/soniasieiro/.m2/repository/org/objenesis/objenesis/2.6/objenesis-2.6.jar:/Users/soniasieiro/.m2/repository/org/mockito/mockito-junit-jupiter/3.3.3/mockito-junit-jupiter-3.3.3.jar:/Users/soniasieiro/.m2/repository/org/assertj/assertj-core/3.16.1/assertj-core-3.16.1.jar:/Users/soniasieiro/.m2/repository/org/hamcrest/hamcrest/2.2/hamcrest-2.2.jar:"/>
    <property name="sun.cpu.endian" value="little"/>
    <property name="user.home" value="/Users/soniasieiro"/>
    <property name="user.language" value="en"/>
    <property name="java.specification.vendor" value="Oracle Corporation"/>
    <property name="java.version.date" value="2019-01-15"/>
    <property name="java.home" value="/Users/soniasieiro/.sdkman/candidates/java/11.0.2-open"/>
    <property name="file.separator" value="/"/>
    <property name="basedir" value="/Users/soniasieiro/Downloads/splitbill-back-archimedes-java-master/rest"/>
    <property name="java.vm.compressedOopsMode" value="Zero based"/>
    <property name="line.separator" value="&#10;"/>
    <property name="java.specification.name" value="Java Platform API Specification"/>
    <property name="java.vm.specification.vendor" value="Oracle Corporation"/>
    <property name="java.awt.graphicsenv" value="sun.awt.CGraphicsEnvironment"/>
    <property name="surefire.real.class.path" value="/Users/soniasieiro/Downloads/splitbill-back-archimedes-java-master/rest/target/surefire/surefirebooter1972434410695256095.jar"/>
    <property name="sun.management.compiler" value="HotSpot 64-Bit Tiered Compilers"/>
    <property name="ftp.nonProxyHosts" value="local|*.local|169.254/16|*.169.254/16"/>
    <property name="java.runtime.version" value="11.0.2+9"/>
    <property name="user.name" value="soniasieiro"/>
    <property name="path.separator" value=":"/>
    <property name="os.version" value="10.15.7"/>
    <property name="java.runtime.name" value="OpenJDK Runtime Environment"/>
    <property name="file.encoding" value="UTF-8"/>
    <property name="java.vm.name" value="OpenJDK 64-Bit Server VM"/>
    <property name="java.vendor.version" value="18.9"/>
    <property name="localRepository" value="/Users/soniasieiro/.m2/repository"/>
    <property name="java.vendor.url.bug" value="http://bugreport.java.com/bugreport/"/>
    <property name="java.io.tmpdir" value="/var/folders/j2/mtwhfg717m3d7y212pvg97tw0000gn/T/"/>
    <property name="java.version" value="11.0.2"/>
    <property name="user.dir" value="/Users/soniasieiro/Downloads/splitbill-back-archimedes-java-master/rest"/>
    <property name="os.arch" value="x86_64"/>
    <property name="java.vm.specification.name" value="Java Virtual Machine Specification"/>
    <property name="java.awt.printerjob" value="sun.lwawt.macosx.CPrinterJob"/>
    <property name="sun.os.patch.level" value="unknown"/>
    <property name="java.library.path" value="/Users/soniasieiro/Library/Java/Extensions:/Library/Java/Extensions:/Network/Library/Java/Extensions:/System/Library/Java/Extensions:/usr/lib/java:."/>
    <property name="java.vendor" value="Oracle Corporation"/>
    <property name="java.vm.info" value="mixed mode"/>
    <property name="java.vm.version" value="11.0.2+9"/>
    <property name="sun.io.unicode.encoding" value="UnicodeBig"/>
    <property name="java.class.version" value="55.0"/>
    <property name="socksNonProxyHosts" value="local|*.local|169.254/16|*.169.254/16"/>
  </properties>
  <testcase name="shouldReturn_HttpBADREQUEST_WhenPaymentInvalid" classname="com.autentia.example.splitbill.delivery.rest.GroupPaymentControllerTest" time="0.34"/>
  <testcase name="shouldReturn_HttpINTERNALSERVERERROR_WhenPaymentIsNotDone" classname="com.autentia.example.splitbill.delivery.rest.GroupPaymentControllerTest" time="0.003"/>
  <testcase name="shouldReturn_HttpACCEPTED_WhenPaymentIsDone" classname="com.autentia.example.splitbill.delivery.rest.GroupPaymentControllerTest" time="0.002"/>
  <testcase name="shouldReturn_HttpUNAUTHORIZED_WhenGroupIsInvalid" classname="com.autentia.example.splitbill.delivery.rest.GroupPaymentControllerTest" time="0.002"/>
  <testcase name="shouldReturn_HttpUNAUTHORIZED_WhenUserIsInvalid" classname="com.autentia.example.splitbill.delivery.rest.GroupPaymentControllerTest" time="0.002"/>
</testsuite>